Character: Vespa
Image: /home/admusr/github/moonsimdata/characters/Vespa/stat-Vespa.webp

RAW RESPONSE:
Antagonise:
  cost: 1
  range: 6
  type: activated
  isPulse: false
  textToRightInItalics: null
  activatedText: Target gains +1 Melee Stat and +1 Evade Stat until end of turn.
  arcaneOutcomes: null
  catastrophe: null
Out of Reach:
  cost: 1
  range: null
  type: activated
  isPulse: false
  textToRightInItalics: null
  activatedText: This character cannot be targeted by a Melee Attack action and does not benefit from cover until end of turn.
  arcaneOutcomes: null
  catastrophe: null
Throw Javelin:
  cost: 2
  range: 6
  type: arcane
  isPulse: false
  textToRightInItalics: null
  activatedText: null
  arcaneOutcomes:
    - "gX: Target suffers X Piercing Dmg."
  catastrophe: This character suffers 1 Wd.
